<?xml version="1.0" encoding="UTF-8"?>
<!-- Generated by org.testng.reporters.JUnitReportReporter -->
<testsuite hostname="Aruns-MacBook-Air.local" failures="0" tests="2" name="rahulshetty.tests.StandAloneTest" time="88.186" errors="0" timestamp="2025-02-09T22:42:32 IST" skipped="0">
  <testcase classname="rahulshetty.tests.StandAloneTest" name="submitOrder" time="46.562"/>
  <testcase classname="rahulshetty.tests.StandAloneTest" name="submitOrder" time="41.624"/>
</testsuite> <!-- rahulshetty.tests.StandAloneTest -->
