<?xml version="1.0" encoding="UTF-8"?>
<!-- Generated by org.testng.reporters.JUnitReportReporter -->
<testsuite hostname="Aruns-MacBook-Air.local" failures="0" tests="3" name="rahulshetty.tests.AddToCartTest" time="137.609" errors="0" timestamp="2025-02-07T23:11:52 IST" skipped="2">
  <testcase classname="rahulshetty.tests.AddToCartTest" name="hi" time="39.010">
    <skipped/>
  </testcase> <!-- hi -->
  <testcase classname="rahulshetty.tests.AddToCartTest" name="hi" time="39.940">
    <skipped/>
  </testcase> <!-- hi -->
  <testcase classname="rahulshetty.tests.AddToCartTest" name="hi" time="58.659"/>
</testsuite> <!-- rahulshetty.tests.AddToCartTest -->
