<?xml version="1.0" encoding="UTF-8"?>
<!-- Generated by org.testng.reporters.JUnitReportReporter -->
<testsuite hostname="Aruns-MacBook-Air.local" failures="0" tests="1" name="rahulshetty.tests.ErroorMessageValidation" time="26.199" errors="0" timestamp="2025-02-03T14:26:12 IST" skipped="0">
  <testcase classname="rahulshetty.tests.ErroorMessageValidation" name="validateLoginPageErrorMessage" time="26.199"/>
</testsuite> <!-- rahulshetty.tests.ErroorMessageValidation -->
