<?xml version="1.0" encoding="UTF-8"?>
<!-- Generated by org.testng.reporters.JUnitReportReporter -->
<testsuite hostname="Aruns-MacBook-Air.local" failures="0" tests="1" name="rahulshetty.MavenProject.StandAlonetest" time="41.308" errors="0" timestamp="2025-02-02T20:14:06 IST" skipped="0">
  <testcase classname="rahulshetty.MavenProject.StandAlonetest" name="hi" time="41.308"/>
</testsuite> <!-- rahulshetty.MavenProject.StandAlonetest -->
