<?xml version="1.0" encoding="UTF-8"?>
<!-- Generated by org.testng.reporters.JUnitReportReporter -->
<testsuite hostname="Aruns-MacBook-Air.local" failures="0" tests="2" name="rahulshetty.tests.ErrorMessegeValidationTest" time="34.377" errors="0" timestamp="2025-02-09T11:31:07 IST" skipped="0">
  <testcase classname="rahulshetty.tests.ErrorMessegeValidationTest" name="validateLoginPageErrorMessage" time="19.410"/>
  <testcase classname="rahulshetty.tests.ErrorMessegeValidationTest" name="validateLoginPageErrorMessage" time="14.967"/>
</testsuite> <!-- rahulshetty.tests.ErrorMessegeValidationTest -->
