<?xml version="1.0" encoding="UTF-8"?>
<!-- Generated by org.testng.reporters.JUnitReportReporter -->
<testsuite hostname="Aruns-MacBook-Air.local" failures="0" tests="2" name="rahulshetty.tests.ErrorMessegeValidationTest" time="13.784" errors="0" timestamp="2025-02-14T23:12:34 IST" skipped="0">
  <testcase classname="rahulshetty.tests.ErrorMessegeValidationTest" name="validateLoginPageErrorMessage" time="10.582"/>
  <testcase classname="rahulshetty.tests.ErrorMessegeValidationTest" name="validateLoginPageErrorMessage" time="3.202"/>
</testsuite> <!-- rahulshetty.tests.ErrorMessegeValidationTest -->
